<?xml version="1.0" encoding="UTF-8"?>
<!-- Generated by org.testng.reporters.JUnitXMLReporter -->
<testsuite ignored="0" hostname="DESKTOP-VCME0P2" failures="0" tests="3" name="Test" time="32.134" errors="0" timestamp="2023-07-05T21:59:25 BST">
  <testcase classname="com.test.MultiTest" name="SelectDropDown" time="0.916"/>
  <testcase classname="com.test.MultiTest" name="AdvanceDropDown" time="2.228"/>
  <testcase classname="com.test.ngtesta" name="Test1" time="17.831"/>
</testsuite> <!-- Test -->
